Start testing: Jun 01 13:45 CST
----------------------------------------------------------
3/7 Testing: pipeann_gorgeous_tool_cli_test
3/7 Test: pipeann_gorgeous_tool_cli_test
Command: "/home/adieu/OS/project/build/pipeann_gorgeous_tool_cli_test"
Directory: /home/adieu/OS/project/build
"pipeann_gorgeous_tool_cli_test" start time: Jun 01 13:45 CST
Output:
----------------------------------------------------------
[utils.h:56:INFO]  Stat(test_tool_cli_data/tool_cli.bin) returned: 0
[index_build_utils.cpp:358:INFO] Starting Vamana index build: R=4 R_dense=8 L=64 Build RAM budget: 32GB T: 1 bytes per neighbor: 0
[index_build_utils.cpp:284:INFO] Full index fits in RAM, building in one shot
[index.cpp:40:INFO] Getting distance function for metric: l2
[utils.h:56:INFO]  Stat(test_tool_cli_data/tool_cli.bin) returned: 0
[index.cpp:398:INFO] Building index with normalize_cosine: 0
[utils.h:189:INFO] Reading bin file test_tool_cli_data/tool_cli.bin ...
[utils.h:171:INFO] Metadata: #pts = 12, #dims = 3...
[index.cpp:422:INFO] Loading only first 12 from file.. 
[utils.h:380:INFO] IndexBuildParameters with L: 64 R: 3 C: 750 alpha: 1.2 num_threads: 1 beam_width: 8 saturate_graph: 1 max_nthreads: 128
0% of index build completed.[index.cpp:362:INFO] Starting final cleanup..
[index.cpp:354:INFO] done. Link time: 0.005081s
[utils.h:189:INFO] Reading bin file test_tool_cli_data/tool_cli_train.bin ...
[utils.h:171:INFO] Metadata: #pts = 3, #dims = 3...
[index.cpp:1150:INFO] NGFix refine: 3 train queries, R_base=3 R_ood=1 L_ood=1500
[index.cpp:1171:INFO] NGFix refine: processed 0/3
[index.cpp:1174:INFO] NGFix refine done in 0.033548s
[index.cpp:467:INFO] Index built with degree: max:3 avg:3 min:3 count(deg<2):0
[utils.h:56:INFO]  Stat(test_tool_cli_data/tool_cli_disk.index.tags) returned: -1
[utils.h:63:INFO] File test_tool_cli_data/tool_cli_disk.index.tags does not exist
[utils.h:264:INFO] Writing bin: test_tool_cli_data/tool_cli_disk.index.tags
[utils.h:270:INFO] bin: #pts = 12, #dims = 1, size = 56B
[utils.h:274:INFO] Finished writing bin.
[index.cpp:821:INFO] Memory index tags saved to test_tool_cli_data/tool_cli_disk.index.tags
[ssd_index.cpp:407:INFO] save_from_mem: wrote test_tool_cli_data/tool_cli_disk.index
[index_build_utils.cpp:380:INFO] Vamana index built in: 0.0457369s.
[index_build_utils.cpp:390:INFO] Indexing time: 0.0457647
[utils.h:56:INFO]  Stat(test_tool_cli_data/tool_cli_disk.index) returned: 0
[ssd_index_defs.h:144:INFO] Loading metadata from disk index, sharded: 0 nr: 9 nc: 1
[utils.h:56:INFO]  Stat(test_tool_cli_data/tool_cli_disk.index) returned: 0
[ssd_index_defs.h:144:INFO] Loading metadata from disk index, sharded: 0 nr: 9 nc: 1
loading disk index file: test_tool_cli_data/tool_cli_partition.gorgeous.partition_input.tmp... avg degree: 6.58333
Partition with Graph replica
_nd: 12, _dim: 3, max_node_len:40, C: 102, pn: 1
load index over.
reverse graph done.
scale factor: 102
primary partition: 12; others: 0
init over.
writing bin: test_tool_cli_data/tool_cli_partition.bin
_partition_num: 12 C: 102 _nd: 12
[utils.h:56:INFO]  Stat(test_tool_cli_data/tool_cli.bin) returned: 0
[pq_nbr.h:118:INFO] File: test_tool_cli_data/tool_cli.bin has: 12 points.
[pq_nbr.h:119:INFO] Using 3 PQ chunks.
[pq_nbr.h:129:INFO] Generating PQ pivots with training data of size: 3
[pq_nbr.h:331:INFO] Kmeans time: 0.00107548s.
[utils.h:56:INFO]  Stat(test_tool_cli_data/tool_cli_pq_pivots.bin) returned: 0
[utils.h:264:INFO] Writing bin: test_tool_cli_data/tool_cli_pq_pivots.bin
[utils.h:270:INFO] bin: #pts = 256, #dims = 3, size = 3080B
[utils.h:274:INFO] Finished writing bin.
[utils.h:56:INFO]  Stat(test_tool_cli_data/tool_cli_pq_pivots.bin) returned: 0
[utils.h:264:INFO] Writing bin: test_tool_cli_data/tool_cli_pq_pivots.bin
[utils.h:270:INFO] bin: #pts = 3, #dims = 1, size = 20B
[utils.h:274:INFO] Finished writing bin.
[utils.h:56:INFO]  Stat(test_tool_cli_data/tool_cli_pq_pivots.bin) returned: 0
[utils.h:264:INFO] Writing bin: test_tool_cli_data/tool_cli_pq_pivots.bin
[utils.h:270:INFO] bin: #pts = 3, #dims = 1, size = 20B
[utils.h:274:INFO] Finished writing bin.
[utils.h:56:INFO]  Stat(test_tool_cli_data/tool_cli_pq_pivots.bin) returned: 0
[utils.h:264:INFO] Writing bin: test_tool_cli_data/tool_cli_pq_pivots.bin
[utils.h:270:INFO] bin: #pts = 4, #dims = 1, size = 24B
[utils.h:274:INFO] Finished writing bin.
[utils.h:56:INFO]  Stat(test_tool_cli_data/tool_cli_pq_pivots.bin) returned: 0
[utils.h:264:INFO] Writing bin: test_tool_cli_data/tool_cli_pq_pivots.bin
[utils.h:270:INFO] bin: #pts = 5, #dims = 1, size = 48B
[utils.h:274:INFO] Finished writing bin.
[pq_nbr.h:351:INFO] Saved pq pivot to test_tool_cli_data/tool_cli_pq_pivots.bin of size 7240B.
[pq_nbr.h:134:INFO] Pivots generated in 0.00137137s.
[utils.h:154:INFO] Metadata: #pts = 5, #dims = 1...
[utils.h:154:INFO] Metadata: #pts = 256, #dims = 3...
[utils.h:154:INFO] Metadata: #pts = 3, #dims = 1...
[utils.h:171:INFO] Metadata: #pts = 3, #dims = 1...
[utils.h:154:INFO] Metadata: #pts = 4, #dims = 1...
[pq_table.h:125:INFO] Loaded PQ Pivots: #centroids: 256, #dims: 3, #chunks: 3
[pq_nbr.h:140:INFO] Compressed data written in: 0.00203348s.
[utils.h:154:INFO] Metadata: #pts = 5, #dims = 1...
[utils.h:154:INFO] Metadata: #pts = 256, #dims = 3...
[utils.h:154:INFO] Metadata: #pts = 3, #dims = 1...
[utils.h:171:INFO] Metadata: #pts = 3, #dims = 1...
[utils.h:154:INFO] Metadata: #pts = 4, #dims = 1...
[pq_table.h:125:INFO] Loaded PQ Pivots: #centroids: 256, #dims: 3, #chunks: 3
[utils.h:154:INFO] Metadata: #pts = 5, #dims = 1...
[utils.h:154:INFO] Metadata: #pts = 256, #dims = 3...
[utils.h:154:INFO] Metadata: #pts = 3, #dims = 1...
[utils.h:171:INFO] Metadata: #pts = 3, #dims = 1...
[utils.h:154:INFO] Metadata: #pts = 4, #dims = 1...
[pq_table.h:125:INFO] Loaded PQ Pivots: #centroids: 256, #dims: 3, #chunks: 3
[utils.h:154:INFO] Metadata: #pts = 5, #dims = 1...
[utils.h:154:INFO] Metadata: #pts = 256, #dims = 3...
[utils.h:154:INFO] Metadata: #pts = 3, #dims = 1...
[utils.h:171:INFO] Metadata: #pts = 3, #dims = 1...
[utils.h:154:INFO] Metadata: #pts = 4, #dims = 1...
[pq_table.h:125:INFO] Loaded PQ Pivots: #centroids: 256, #dims: 3, #chunks: 3
[utils.h:154:INFO] Metadata: #pts = 5, #dims = 1...
[utils.h:154:INFO] Metadata: #pts = 256, #dims = 3...
[utils.h:154:INFO] Metadata: #pts = 3, #dims = 1...
[utils.h:171:INFO] Metadata: #pts = 3, #dims = 1...
[utils.h:154:INFO] Metadata: #pts = 4, #dims = 1...
[pq_table.h:125:INFO] Loaded PQ Pivots: #centroids: 256, #dims: 3, #chunks: 3
[utils.h:154:INFO] Metadata: #pts = 5, #dims = 1...
[utils.h:154:INFO] Metadata: #pts = 256, #dims = 3...
[utils.h:154:INFO] Metadata: #pts = 3, #dims = 1...
[utils.h:171:INFO] Metadata: #pts = 3, #dims = 1...
[utils.h:154:INFO] Metadata: #pts = 4, #dims = 1...
[pq_table.h:125:INFO] Loaded PQ Pivots: #centroids: 256, #dims: 3, #chunks: 3
[utils.h:154:INFO] Metadata: #pts = 5, #dims = 1...
[utils.h:154:INFO] Metadata: #pts = 256, #dims = 3...
[utils.h:154:INFO] Metadata: #pts = 3, #dims = 1...
[utils.h:171:INFO] Metadata: #pts = 3, #dims = 1...
[utils.h:154:INFO] Metadata: #pts = 4, #dims = 1...
[pq_table.h:125:INFO] Loaded PQ Pivots: #centroids: 256, #dims: 3, #chunks: 3
[utils.h:154:INFO] Metadata: #pts = 5, #dims = 1...
[utils.h:154:INFO] Metadata: #pts = 256, #dims = 3...
[utils.h:154:INFO] Metadata: #pts = 3, #dims = 1...
[utils.h:171:INFO] Metadata: #pts = 3, #dims = 1...
[utils.h:154:INFO] Metadata: #pts = 4, #dims = 1...
[pq_table.h:125:INFO] Loaded PQ Pivots: #centroids: 256, #dims: 3, #chunks: 3
[utils.h:154:INFO] Metadata: #pts = 5, #dims = 1...
[utils.h:154:INFO] Metadata: #pts = 256, #dims = 3...
[utils.h:154:INFO] Metadata: #pts = 3, #dims = 1...
[utils.h:171:INFO] Metadata: #pts = 3, #dims = 1...
[utils.h:154:INFO] Metadata: #pts = 4, #dims = 1...
[pq_table.h:125:INFO] Loaded PQ Pivots: #centroids: 256, #dims: 3, #chunks: 3
[utils.h:154:INFO] Metadata: #pts = 5, #dims = 1...
[utils.h:154:INFO] Metadata: #pts = 256, #dims = 3...
[utils.h:154:INFO] Metadata: #pts = 3, #dims = 1...
[utils.h:171:INFO] Metadata: #pts = 3, #dims = 1...
[utils.h:154:INFO] Metadata: #pts = 4, #dims = 1...
[pq_table.h:125:INFO] Loaded PQ Pivots: #centroids: 256, #dims: 3, #chunks: 3
[utils.h:154:INFO] Metadata: #pts = 5, #dims = 1...
[utils.h:154:INFO] Metadata: #pts = 256, #dims = 3...
[utils.h:154:INFO] Metadata: #pts = 3, #dims = 1...
[utils.h:171:INFO] Metadata: #pts = 3, #dims = 1...
[utils.h:154:INFO] Metadata: #pts = 4, #dims = 1...
[pq_table.h:125:INFO] Loaded PQ Pivots: #centroids: 256, #dims: 3, #chunks: 3
[utils.h:154:INFO] Metadata: #pts = 5, #dims = 1...
[utils.h:154:INFO] Metadata: #pts = 256, #dims = 3...
[utils.h:154:INFO] Metadata: #pts = 3, #dims = 1...
[utils.h:171:INFO] Metadata: #pts = 3, #dims = 1...
[utils.h:154:INFO] Metadata: #pts = 4, #dims = 1...
[pq_table.h:125:INFO] Loaded PQ Pivots: #centroids: 256, #dims: 3, #chunks: 3
[utils.h:154:INFO] Metadata: #pts = 5, #dims = 1...
[utils.h:154:INFO] Metadata: #pts = 256, #dims = 3...
[utils.h:154:INFO] Metadata: #pts = 3, #dims = 1...
[utils.h:171:INFO] Metadata: #pts = 3, #dims = 1...
[utils.h:154:INFO] Metadata: #pts = 4, #dims = 1...
[pq_table.h:125:INFO] Loaded PQ Pivots: #centroids: 256, #dims: 3, #chunks: 3
[utils.h:154:INFO] Metadata: #pts = 5, #dims = 1...
[utils.h:154:INFO] Metadata: #pts = 256, #dims = 3...
[utils.h:154:INFO] Metadata: #pts = 3, #dims = 1...
[utils.h:171:INFO] Metadata: #pts = 3, #dims = 1...
[utils.h:154:INFO] Metadata: #pts = 4, #dims = 1...
[pq_table.h:125:INFO] Loaded PQ Pivots: #centroids: 256, #dims: 3, #chunks: 3
[utils.h:154:INFO] Metadata: #pts = 5, #dims = 1...
[utils.h:154:INFO] Metadata: #pts = 256, #dims = 3...
[utils.h:154:INFO] Metadata: #pts = 3, #dims = 1...
[utils.h:171:INFO] Metadata: #pts = 3, #dims = 1...
[utils.h:154:INFO] Metadata: #pts = 4, #dims = 1...
[pq_table.h:125:INFO] Loaded PQ Pivots: #centroids: 256, #dims: 3, #chunks: 3
[utils.h:154:INFO] Metadata: #pts = 5, #dims = 1...
[utils.h:154:INFO] Metadata: #pts = 256, #dims = 3...
[utils.h:154:INFO] Metadata: #pts = 3, #dims = 1...
[utils.h:171:INFO] Metadata: #pts = 3, #dims = 1...
[utils.h:154:INFO] Metadata: #pts = 4, #dims = 1...
[pq_table.h:125:INFO] Loaded PQ Pivots: #centroids: 256, #dims: 3, #chunks: 3
[utils.h:154:INFO] Metadata: #pts = 5, #dims = 1...
[utils.h:154:INFO] Metadata: #pts = 256, #dims = 3...
[utils.h:154:INFO] Metadata: #pts = 3, #dims = 1...
[utils.h:171:INFO] Metadata: #pts = 3, #dims = 1...
[utils.h:154:INFO] Metadata: #pts = 4, #dims = 1...
[pq_table.h:125:INFO] Loaded PQ Pivots: #centroids: 256, #dims: 3, #chunks: 3
[utils.h:154:INFO] Metadata: #pts = 5, #dims = 1...
[utils.h:154:INFO] Metadata: #pts = 256, #dims = 3...
[utils.h:154:INFO] Metadata: #pts = 3, #dims = 1...
[utils.h:171:INFO] Metadata: #pts = 3, #dims = 1...
[utils.h:154:INFO] Metadata: #pts = 4, #dims = 1...
[pq_table.h:125:INFO] Loaded PQ Pivots: #centroids: 256, #dims: 3, #chunks: 3
[utils.h:154:INFO] Metadata: #pts = 5, #dims = 1...
[utils.h:154:INFO] Metadata: #pts = 256, #dims = 3...
[utils.h:154:INFO] Metadata: #pts = 3, #dims = 1...
[utils.h:171:INFO] Metadata: #pts = 3, #dims = 1...
[utils.h:154:INFO] Metadata: #pts = 4, #dims = 1...
[pq_table.h:125:INFO] Loaded PQ Pivots: #centroids: 256, #dims: 3, #chunks: 3
[utils.h:154:INFO] Metadata: #pts = 5, #dims = 1...
[utils.h:154:INFO] Metadata: #pts = 256, #dims = 3...
[utils.h:154:INFO] Metadata: #pts = 3, #dims = 1...
[utils.h:171:INFO] Metadata: #pts = 3, #dims = 1...
[utils.h:154:INFO] Metadata: #pts = 4, #dims = 1...
[pq_table.h:125:INFO] Loaded PQ Pivots: #centroids: 256, #dims: 3, #chunks: 3
[utils.h:154:INFO] Metadata: #pts = 5, #dims = 1...
[utils.h:154:INFO] Metadata: #pts = 256, #dims = 3...
[utils.h:154:INFO] Metadata: #pts = 3, #dims = 1...
[utils.h:171:INFO] Metadata: #pts = 3, #dims = 1...
[utils.h:154:INFO] Metadata: #pts = 4, #dims = 1...
[pq_table.h:125:INFO] Loaded PQ Pivots: #centroids: 256, #dims: 3, #chunks: 3
[utils.h:154:INFO] Metadata: #pts = 5, #dims = 1...
[utils.h:154:INFO] Metadata: #pts = 256, #dims = 3...
[utils.h:154:INFO] Metadata: #pts = 3, #dims = 1...
[utils.h:171:INFO] Metadata: #pts = 3, #dims = 1...
[utils.h:154:INFO] Metadata: #pts = 4, #dims = 1...
[pq_table.h:125:INFO] Loaded PQ Pivots: #centroids: 256, #dims: 3, #chunks: 3
[utils.h:154:INFO] Metadata: #pts = 5, #dims = 1...
[utils.h:154:INFO] Metadata: #pts = 256, #dims = 3...
[utils.h:154:INFO] Metadata: #pts = 3, #dims = 1...
[utils.h:171:INFO] Metadata: #pts = 3, #dims = 1...
[utils.h:154:INFO] Metadata: #pts = 4, #dims = 1...
[pq_table.h:125:INFO] Loaded PQ Pivots: #centroids: 256, #dims: 3, #chunks: 3
[utils.h:154:INFO] Metadata: #pts = 5, #dims = 1...
[utils.h:154:INFO] Metadata: #pts = 256, #dims = 3...
[utils.h:154:INFO] Metadata: #pts = 3, #dims = 1...
[utils.h:171:INFO] Metadata: #pts = 3, #dims = 1...
[utils.h:154:INFO] Metadata: #pts = 4, #dims = 1...
[pq_table.h:125:INFO] Loaded PQ Pivots: #centroids: 256, #dims: 3, #chunks: 3
[utils.h:154:INFO] Metadata: #pts = 5, #dims = 1...
[utils.h:154:INFO] Metadata: #pts = 256, #dims = 3...
[utils.h:154:INFO] Metadata: #pts = 3, #dims = 1...
[utils.h:171:INFO] Metadata: #pts = 3, #dims = 1...
[utils.h:154:INFO] Metadata: #pts = 4, #dims = 1...
[pq_table.h:125:INFO] Loaded PQ Pivots: #centroids: 256, #dims: 3, #chunks: 3
[utils.h:154:INFO] Metadata: #pts = 5, #dims = 1...
[utils.h:154:INFO] Metadata: #pts = 256, #dims = 3...
[utils.h:154:INFO] Metadata: #pts = 3, #dims = 1...
[utils.h:171:INFO] Metadata: #pts = 3, #dims = 1...
[utils.h:154:INFO] Metadata: #pts = 4, #dims = 1...
[pq_table.h:125:INFO] Loaded PQ Pivots: #centroids: 256, #dims: 3, #chunks: 3
[utils.h:154:INFO] Metadata: #pts = 5, #dims = 1...
[utils.h:154:INFO] Metadata: #pts = 256, #dims = 3...
[utils.h:154:INFO] Metadata: #pts = 3, #dims = 1...
[utils.h:171:INFO] Metadata: #pts = 3, #dims = 1...
[utils.h:154:INFO] Metadata: #pts = 4, #dims = 1...
[pq_table.h:125:INFO] Loaded PQ Pivots: #centroids: 256, #dims: 3, #chunks: 3
[utils.h:154:INFO] Metadata: #pts = 5, #dims = 1...
[utils.h:154:INFO] Metadata: #pts = 256, #dims = 3...
[utils.h:154:INFO] Metadata: #pts = 3, #dims = 1...
[utils.h:171:INFO] Metadata: #pts = 3, #dims = 1...
[utils.h:154:INFO] Metadata: #pts = 4, #dims = 1...
[pq_table.h:125:INFO] Loaded PQ Pivots: #centroids: 256, #dims: 3, #chunks: 3
[utils.h:154:INFO] Metadata: #pts = 5, #dims = 1...
[utils.h:154:INFO] Metadata: #pts = 256, #dims = 3...
[utils.h:154:INFO] Metadata: #pts = 3, #dims = 1...
[utils.h:171:INFO] Metadata: #pts = 3, #dims = 1...
[utils.h:154:INFO] Metadata: #pts = 4, #dims = 1...
[pq_table.h:125:INFO] Loaded PQ Pivots: #centroids: 256, #dims: 3, #chunks: 3
[utils.h:154:INFO] Metadata: #pts = 5, #dims = 1...
[utils.h:154:INFO] Metadata: #pts = 256, #dims = 3...
[utils.h:154:INFO] Metadata: #pts = 3, #dims = 1...
[utils.h:171:INFO] Metadata: #pts = 3, #dims = 1...
[utils.h:154:INFO] Metadata: #pts = 4, #dims = 1...
[pq_table.h:125:INFO] Loaded PQ Pivots: #centroids: 256, #dims: 3, #chunks: 3
[utils.h:154:INFO] Metadata: #pts = 5, #dims = 1...
[utils.h:154:INFO] Metadata: #pts = 256, #dims = 3...
[utils.h:154:INFO] Metadata: #pts = 3, #dims = 1...
[utils.h:171:INFO] Metadata: #pts = 3, #dims = 1...
[utils.h:154:INFO] Metadata: #pts = 4, #dims = 1...
[pq_table.h:125:INFO] Loaded PQ Pivots: #centroids: 256, #dims: 3, #chunks: 3
[utils.h:154:INFO] Metadata: #pts = 5, #dims = 1...
[utils.h:154:INFO] Metadata: #pts = 256, #dims = 3...
[utils.h:154:INFO] Metadata: #pts = 3, #dims = 1...
[utils.h:171:INFO] Metadata: #pts = 3, #dims = 1...
[utils.h:154:INFO] Metadata: #pts = 4, #dims = 1...
[pq_table.h:125:INFO] Loaded PQ Pivots: #centroids: 256, #dims: 3, #chunks: 3
[utils.h:154:INFO] Metadata: #pts = 5, #dims = 1...
[utils.h:154:INFO] Metadata: #pts = 256, #dims = 3...
[utils.h:154:INFO] Metadata: #pts = 3, #dims = 1...
[utils.h:171:INFO] Metadata: #pts = 3, #dims = 1...
[utils.h:154:INFO] Metadata: #pts = 4, #dims = 1...
[pq_table.h:125:INFO] Loaded PQ Pivots: #centroids: 256, #dims: 3, #chunks: 3
[utils.h:154:INFO] Metadata: #pts = 5, #dims = 1...
[utils.h:154:INFO] Metadata: #pts = 256, #dims = 3...
[utils.h:154:INFO] Metadata: #pts = 3, #dims = 1...
[utils.h:171:INFO] Metadata: #pts = 3, #dims = 1...
[utils.h:154:INFO] Metadata: #pts = 4, #dims = 1...
[pq_table.h:125:INFO] Loaded PQ Pivots: #centroids: 256, #dims: 3, #chunks: 3
[utils.h:154:INFO] Metadata: #pts = 5, #dims = 1...
[utils.h:154:INFO] Metadata: #pts = 256, #dims = 3...
[utils.h:154:INFO] Metadata: #pts = 3, #dims = 1...
[utils.h:171:INFO] Metadata: #pts = 3, #dims = 1...
[utils.h:154:INFO] Metadata: #pts = 4, #dims = 1...
[pq_table.h:125:INFO] Loaded PQ Pivots: #centroids: 256, #dims: 3, #chunks: 3
[utils.h:154:INFO] Metadata: #pts = 5, #dims = 1...
[utils.h:154:INFO] Metadata: #pts = 256, #dims = 3...
[utils.h:154:INFO] Metadata: #pts = 3, #dims = 1...
[utils.h:171:INFO] Metadata: #pts = 3, #dims = 1...
[utils.h:154:INFO] Metadata: #pts = 4, #dims = 1...
[pq_table.h:125:INFO] Loaded PQ Pivots: #centroids: 256, #dims: 3, #chunks: 3
[utils.h:154:INFO] Metadata: #pts = 5, #dims = 1...
[utils.h:154:INFO] Metadata: #pts = 256, #dims = 3...
[utils.h:154:INFO] Metadata: #pts = 3, #dims = 1...
[utils.h:171:INFO] Metadata: #pts = 3, #dims = 1...
[utils.h:154:INFO] Metadata: #pts = 4, #dims = 1...
[pq_table.h:125:INFO] Loaded PQ Pivots: #centroids: 256, #dims: 3, #chunks: 3
[utils.h:154:INFO] Metadata: #pts = 5, #dims = 1...
[utils.h:154:INFO] Metadata: #pts = 256, #dims = 3...
[utils.h:154:INFO] Metadata: #pts = 3, #dims = 1...
[utils.h:171:INFO] Metadata: #pts = 3, #dims = 1...
[utils.h:154:INFO] Metadata: #pts = 4, #dims = 1...
[pq_table.h:125:INFO] Loaded PQ Pivots: #centroids: 256, #dims: 3, #chunks: 3
[utils.h:154:INFO] Metadata: #pts = 5, #dims = 1...
[utils.h:154:INFO] Metadata: #pts = 256, #dims = 3...
[utils.h:154:INFO] Metadata: #pts = 3, #dims = 1...
[utils.h:171:INFO] Metadata: #pts = 3, #dims = 1...
[utils.h:154:INFO] Metadata: #pts = 4, #dims = 1...
[pq_table.h:125:INFO] Loaded PQ Pivots: #centroids: 256, #dims: 3, #chunks: 3
[utils.h:154:INFO] Metadata: #pts = 5, #dims = 1...
[utils.h:154:INFO] Metadata: #pts = 256, #dims = 3...
[utils.h:154:INFO] Metadata: #pts = 3, #dims = 1...
[utils.h:171:INFO] Metadata: #pts = 3, #dims = 1...
[utils.h:154:INFO] Metadata: #pts = 4, #dims = 1...
[pq_table.h:125:INFO] Loaded PQ Pivots: #centroids: 256, #dims: 3, #chunks: 3
[utils.h:154:INFO] Metadata: #pts = 5, #dims = 1...
[utils.h:154:INFO] Metadata: #pts = 256, #dims = 3...
[utils.h:154:INFO] Metadata: #pts = 3, #dims = 1...
[utils.h:171:INFO] Metadata: #pts = 3, #dims = 1...
[utils.h:154:INFO] Metadata: #pts = 4, #dims = 1...
[pq_table.h:125:INFO] Loaded PQ Pivots: #centroids: 256, #dims: 3, #chunks: 3
[utils.h:154:INFO] Metadata: #pts = 5, #dims = 1...
[utils.h:154:INFO] Metadata: #pts = 256, #dims = 3...
[utils.h:154:INFO] Metadata: #pts = 3, #dims = 1...
[utils.h:171:INFO] Metadata: #pts = 3, #dims = 1...
[utils.h:154:INFO] Metadata: #pts = 4, #dims = 1...
[pq_table.h:125:INFO] Loaded PQ Pivots: #centroids: 256, #dims: 3, #chunks: 3
[utils.h:380:INFO] IndexBuildParameters with L: auto R: auto C: 384 alpha: 1.2 num_threads: auto beam_width: 8 saturate_graph: 1 max_nthreads: 1
[ssd_index.cpp:71:INFO] Use PQNeighbor as neighbor handler, metric: l2
[utils.h:56:INFO]  Stat(test_tool_cli_data/tool_cli_disk.index) returned: 0
[ssd_index_defs.h:144:INFO] Loading metadata from disk index, sharded: 0 nr: 9 nc: 1
[ssd_index_defs.h:123:INFO] Max npts: 12 Npoints: 12 Entry point: 6 Data dim: 3 Range: 3 Range dense: 8 Range ood: 1
[ssd_index_defs.h:126:INFO] Normal node len (without dense nbrs): 28 Max node len (with dense nbrs): 48 Nnodes per sector: 85 Npts cur shard: 12 Attr size: 0
[ssd_index.h:83:INFO] IO size (normal): 4096 IO size (dense): 4096
[ssd_index.h:89:INFO] Cur location: 85
[ssd_index.h:94:INFO] Automatically set the update-related parameters.
[utils.h:380:INFO] IndexBuildParameters with L: 35 R: 3 C: 384 alpha: 1.2 num_threads: auto beam_width: 8 saturate_graph: 1 max_nthreads: 1
[pq_nbr.h:86:INFO] PQ Pivots offset: 0 PQ Vectors offset: 0
[utils.h:189:INFO] Reading bin file test_tool_cli_data/tool_cli_pq_compressed.bin ...
[utils.h:171:INFO] Metadata: #pts = 12, #dims = 3...
[pq_nbr.h:91:INFO] Load compressed vectors from file: test_tool_cli_data/tool_cli_pq_compressed.bin offset: 0 num points: 12 n_chunks: 3
[utils.h:154:INFO] Metadata: #pts = 5, #dims = 1...
[utils.h:154:INFO] Metadata: #pts = 256, #dims = 3...
[utils.h:154:INFO] Metadata: #pts = 3, #dims = 1...
[utils.h:171:INFO] Metadata: #pts = 3, #dims = 1...
[utils.h:154:INFO] Metadata: #pts = 4, #dims = 1...
[pq_table.h:125:INFO] Loaded PQ Pivots: #centroids: 256, #dims: 3, #chunks: 3
[utils.h:56:INFO]  Stat(test_tool_cli_data/tool_cli_disk.index) returned: 0
[ssd_index.cpp:111:INFO] Init buffers for 1 threads, setup 2 buffers.
[ssd_index.cpp:123:INFO] Setup 1 background I/O threads for insert...
[utils.h:56:INFO]  Stat(test_tool_cli_data/tool_cli_partition.bin) returned: 0
[gorgeous_layout_adapter.h:51:INFO] Loaded Gorgeous partition: C=12 pages=12 nd=12
[ssd_index.cpp:215:INFO] Updating nnodes_per_sector from 85 to 12
[ssd_index.cpp:197:INFO] Loading tags from test_tool_cli_data/tool_cli_disk.index.tags
[utils.h:56:INFO]  Stat(test_tool_cli_data/tool_cli_disk.index.tags) returned: 0
[ssd_index.cpp:289:INFO] Load tags from existing file: test_tool_cli_data/tool_cli_disk.index.tags
[utils.h:189:INFO] Reading bin file test_tool_cli_data/tool_cli_disk.index.tags ...
[utils.h:171:INFO] Metadata: #pts = 12, #dims = 1...
[ssd_index.cpp:297:INFO] Loaded 12 tags
[ssd_index.cpp:202:INFO] SSDIndex loaded successfully.
[ssd_index.cpp:76:INFO] Lock table size: 0
[ssd_index.cpp:77:INFO] Page cache size: 0
[utils.h:380:INFO] IndexBuildParameters with L: auto R: auto C: 384 alpha: 1.2 num_threads: auto beam_width: 8 saturate_graph: 1 max_nthreads: 1
[ssd_index.cpp:71:INFO] Use PQNeighbor as neighbor handler, metric: l2
[utils.h:56:INFO]  Stat(test_tool_cli_data/tool_cli_disk.index) returned: 0
[ssd_index_defs.h:144:INFO] Loading metadata from disk index, sharded: 0 nr: 9 nc: 1
[ssd_index_defs.h:123:INFO] Max npts: 12 Npoints: 12 Entry point: 6 Data dim: 3 Range: 3 Range dense: 8 Range ood: 1
[ssd_index_defs.h:126:INFO] Normal node len (without dense nbrs): 28 Max node len (with dense nbrs): 48 Nnodes per sector: 85 Npts cur shard: 12 Attr size: 0
[ssd_index.h:83:INFO] IO size (normal): 4096 IO size (dense): 4096
[ssd_index.h:89:INFO] Cur location: 85
[ssd_index.h:94:INFO] Automatically set the update-related parameters.
[utils.h:380:INFO] IndexBuildParameters with L: 35 R: 3 C: 384 alpha: 1.2 num_threads: auto beam_width: 8 saturate_graph: 1 max_nthreads: 1
[pq_nbr.h:86:INFO] PQ Pivots offset: 0 PQ Vectors offset: 0
[utils.h:189:INFO] Reading bin file test_tool_cli_data/tool_cli_pq_compressed.bin ...
[utils.h:171:INFO] Metadata: #pts = 12, #dims = 3...
[pq_nbr.h:91:INFO] Load compressed vectors from file: test_tool_cli_data/tool_cli_pq_compressed.bin offset: 0 num points: 12 n_chunks: 3
[utils.h:154:INFO] Metadata: #pts = 5, #dims = 1...
[utils.h:154:INFO] Metadata: #pts = 256, #dims = 3...
[utils.h:154:INFO] Metadata: #pts = 3, #dims = 1...
[utils.h:171:INFO] Metadata: #pts = 3, #dims = 1...
[utils.h:154:INFO] Metadata: #pts = 4, #dims = 1...
[pq_table.h:125:INFO] Loaded PQ Pivots: #centroids: 256, #dims: 3, #chunks: 3
[utils.h:56:INFO]  Stat(test_tool_cli_data/tool_cli_disk.index) returned: 0
[ssd_index.cpp:111:INFO] Init buffers for 1 threads, setup 2 buffers.
[ssd_index.cpp:123:INFO] Setup 1 background I/O threads for insert...
[utils.h:56:INFO]  Stat(test_tool_cli_data/tool_cli_partition.bin) returned: 0
[gorgeous_layout_adapter.h:51:INFO] Loaded Gorgeous partition: C=12 pages=12 nd=12
[ssd_index.cpp:215:INFO] Updating nnodes_per_sector from 85 to 12
[ssd_index.cpp:197:INFO] Loading tags from test_tool_cli_data/tool_cli_disk.index.tags
[utils.h:56:INFO]  Stat(test_tool_cli_data/tool_cli_disk.index.tags) returned: 0
[ssd_index.cpp:289:INFO] Load tags from existing file: test_tool_cli_data/tool_cli_disk.index.tags
[utils.h:189:INFO] Reading bin file test_tool_cli_data/tool_cli_disk.index.tags ...
[utils.h:171:INFO] Metadata: #pts = 12, #dims = 1...
[ssd_index.cpp:297:INFO] Loaded 12 tags
[ssd_index.cpp:202:INFO] SSDIndex loaded successfully.
[ssd_index.cpp:76:INFO] Lock table size: 0
[ssd_index.cpp:77:INFO] Page cache size: 0
Bench completed
  runs=1
  export_tsv=test_tool_cli_data/pipeann_cli.tsv
  run: search_backend=pipeann approx_kind=pq threads=1 page_reader_backend=linux_aio beam_width=3 l_search=8 mem_l=0 pipeann_mode=pipe pipeann_layout=gorgeous graph_cache_bytes=0 graph_cache_policy=entry_bfs refine_k=0 refine_ratio=0 defer_exact_until_refinement=0 scheduler_policy=conservative scheduler_policy_limit=0 dynamic_beam_policy=adaptive queries=3 elapsed_ms=0.23836 avg_latency_ms=0.076 p99_latency_ms=0.158 qps=12586 mean_hops=0 mean_ios=1 unique_pg_io=0 dup_pg_hit=0 polls=0 average_recall=33.3333
    aggregate_stats: reads=0 completed_pages=0 resident_expansions=0 approx_evals=0 exact_evals=0 n_ios=3 n_cmps=0 n_hops=0 cpu_us=0 io_us=0 bytes_read=0 page_resident_hits=0 graph_replicated_hits=0 graph_cache_hits=0 graph_cache_misses=0 graph_cache_expansions=0 graph_cache_avoided_reads=0 graph_cache_resident_bytes=0 graph_cache_entries=0 graph_cache_build_page_reads=0 exact_from_page=0 exact_from_payload=0 refinement_candidates=0 refinement_reads=0 approximate_candidates=0 refinement_bound=0 refinement_already_exact=0 refinement_exactified=0 deferred_exact_candidates=0 read_hits_in_pool=0 read_waste_out_of_pool=0 max_inflight_reads=0 max_beam_width=0 beam_width_increases=0 scheduler_policy_limit_observed=0 scheduler_pending_max=0 scheduler_ready_unexpanded_max=0 scheduler_limit_hits=0 poll_calls=0 drain_calls=0 range_stop=0
    first_query_results:
      id=6 dist=1
      id=0 dist=0
<end of output>
Test time =   3.65 sec
----------------------------------------------------------
Test Passed.
"pipeann_gorgeous_tool_cli_test" end time: Jun 01 13:45 CST
"pipeann_gorgeous_tool_cli_test" time elapsed: 00:00:03
----------------------------------------------------------

6/7 Testing: pipeann_gorgeous_pipeann_parity_index_test
6/7 Test: pipeann_gorgeous_pipeann_parity_index_test
Command: "/home/adieu/OS/project/build/pipeann_gorgeous_pipeann_parity_index_test"
Directory: /home/adieu/OS/project/build
"pipeann_gorgeous_pipeann_parity_index_test" start time: Jun 01 13:45 CST
Output:
----------------------------------------------------------
[utils.h:56:INFO]  Stat(test_pipeann_parity_index_data/pipeann_parity_index.bin) returned: 0
[index_build_utils.cpp:358:INFO] Starting Vamana index build: R=16 R_dense=16 L=48 Build RAM budget: 32GB T: 1 bytes per neighbor: 0
[index_build_utils.cpp:284:INFO] Full index fits in RAM, building in one shot
[index.cpp:40:INFO] Getting distance function for metric: l2
[utils.h:56:INFO]  Stat(test_pipeann_parity_index_data/pipeann_parity_index.bin) returned: 0
[index.cpp:398:INFO] Building index with normalize_cosine: 0
[utils.h:189:INFO] Reading bin file test_pipeann_parity_index_data/pipeann_parity_index.bin ...
[utils.h:171:INFO] Metadata: #pts = 128, #dims = 4...
[index.cpp:422:INFO] Loading only first 128 from file.. 
[utils.h:380:INFO] IndexBuildParameters with L: 48 R: 14 C: 750 alpha: 1.2 num_threads: 1 beam_width: 8 saturate_graph: 1 max_nthreads: 128
0% of index build completed.[index.cpp:362:INFO] Starting final cleanup..
[index.cpp:354:INFO] done. Link time: 0.029696s
[utils.h:189:INFO] Reading bin file test_pipeann_parity_index_data/pipeann_parity_index_train.bin ...
[utils.h:171:INFO] Metadata: #pts = 32, #dims = 4...
[index.cpp:1150:INFO] NGFix refine: 32 train queries, R_base=14 R_ood=2 L_ood=1500
[index.cpp:1171:INFO] NGFix refine: processed 0/32
[index.cpp:1174:INFO] NGFix refine done in 0.235493s
[index.cpp:467:INFO] Index built with degree: max:14 avg:14 min:14 count(deg<2):0
[utils.h:56:INFO]  Stat(test_pipeann_parity_index_data/pipeann_parity_index_disk.index.tags) returned: -1
[utils.h:63:INFO] File test_pipeann_parity_index_data/pipeann_parity_index_disk.index.tags does not exist
[utils.h:264:INFO] Writing bin: test_pipeann_parity_index_data/pipeann_parity_index_disk.index.tags
[utils.h:270:INFO] bin: #pts = 128, #dims = 1, size = 520B
[utils.h:274:INFO] Finished writing bin.
[index.cpp:821:INFO] Memory index tags saved to test_pipeann_parity_index_data/pipeann_parity_index_disk.index.tags
[ssd_index.cpp:407:INFO] save_from_mem: wrote test_pipeann_parity_index_data/pipeann_parity_index_disk.index
[index_build_utils.cpp:380:INFO] Vamana index built in: 0.270962s.
[index_build_utils.cpp:390:INFO] Indexing time: 0.270998
[utils.h:56:INFO]  Stat(test_pipeann_parity_index_data/pipeann_parity_index_disk.index) returned: 0
[ssd_index_defs.h:144:INFO] Loading metadata from disk index, sharded: 0 nr: 9 nc: 1
[utils.h:56:INFO]  Stat(test_pipeann_parity_index_data/pipeann_parity_index_disk.index) returned: 0
[ssd_index_defs.h:144:INFO] Loading metadata from disk index, sharded: 0 nr: 9 nc: 1
loading disk index file: test_pipeann_parity_index_data/pipeann_parity_index_partition.gorgeous.partition_input.tmp... avg degree: 16
Partition with Graph replica
_nd: 128, _dim: 4, max_node_len:72, C: 56, pn: 3
load index over.
reverse graph done.
scale factor: 56
primary partition: 128; others: 0
init over.
writing bin: test_pipeann_parity_index_data/pipeann_parity_index_partition.bin
_partition_num: 128 C: 56 _nd: 128
[utils.h:56:INFO]  Stat(test_pipeann_parity_index_data/pipeann_parity_index.bin) returned: 0
[pq_nbr.h:118:INFO] File: test_pipeann_parity_index_data/pipeann_parity_index.bin has: 128 points.
[pq_nbr.h:119:INFO] Using 2 PQ chunks.
[pq_nbr.h:129:INFO] Generating PQ pivots with training data of size: 14
[pq_nbr.h:331:INFO] Kmeans time: 0.00085121s.
[utils.h:56:INFO]  Stat(test_pipeann_parity_index_data/pipeann_parity_index_pq_pivots.bin) returned: 0
[utils.h:264:INFO] Writing bin: test_pipeann_parity_index_data/pipeann_parity_index_pq_pivots.bin
[utils.h:270:INFO] bin: #pts = 256, #dims = 4, size = 4104B
[utils.h:274:INFO] Finished writing bin.
[utils.h:56:INFO]  Stat(test_pipeann_parity_index_data/pipeann_parity_index_pq_pivots.bin) returned: 0
[utils.h:264:INFO] Writing bin: test_pipeann_parity_index_data/pipeann_parity_index_pq_pivots.bin
[utils.h:270:INFO] bin: #pts = 4, #dims = 1, size = 24B
[utils.h:274:INFO] Finished writing bin.
[utils.h:56:INFO]  Stat(test_pipeann_parity_index_data/pipeann_parity_index_pq_pivots.bin) returned: 0
[utils.h:264:INFO] Writing bin: test_pipeann_parity_index_data/pipeann_parity_index_pq_pivots.bin
[utils.h:270:INFO] bin: #pts = 4, #dims = 1, size = 24B
[utils.h:274:INFO] Finished writing bin.
[utils.h:56:INFO]  Stat(test_pipeann_parity_index_data/pipeann_parity_index_pq_pivots.bin) returned: 0
[utils.h:264:INFO] Writing bin: test_pipeann_parity_index_data/pipeann_parity_index_pq_pivots.bin
[utils.h:270:INFO] bin: #pts = 3, #dims = 1, size = 20B
[utils.h:274:INFO] Finished writing bin.
[utils.h:56:INFO]  Stat(test_pipeann_parity_index_data/pipeann_parity_index_pq_pivots.bin) returned: 0
[utils.h:264:INFO] Writing bin: test_pipeann_parity_index_data/pipeann_parity_index_pq_pivots.bin
[utils.h:270:INFO] bin: #pts = 5, #dims = 1, size = 48B
[utils.h:274:INFO] Finished writing bin.
[pq_nbr.h:351:INFO] Saved pq pivot to test_pipeann_parity_index_data/pipeann_parity_index_pq_pivots.bin of size 8268B.
[pq_nbr.h:134:INFO] Pivots generated in 0.00120596s.
[utils.h:154:INFO] Metadata: #pts = 5, #dims = 1...
[utils.h:154:INFO] Metadata: #pts = 256, #dims = 4...
[utils.h:154:INFO] Metadata: #pts = 4, #dims = 1...
[utils.h:171:INFO] Metadata: #pts = 4, #dims = 1...
[utils.h:154:INFO] Metadata: #pts = 3, #dims = 1...
[pq_table.h:125:INFO] Loaded PQ Pivots: #centroids: 256, #dims: 4, #chunks: 2
[pq_nbr.h:140:INFO] Compressed data written in: 0.00178904s.
[utils.h:380:INFO] IndexBuildParameters with L: auto R: auto C: 384 alpha: 1.2 num_threads: auto beam_width: 8 saturate_graph: 1 max_nthreads: 2
[ssd_index.cpp:71:INFO] Use PQNeighbor as neighbor handler, metric: l2
[utils.h:56:INFO]  Stat(test_pipeann_parity_index_data/pipeann_parity_index_disk.index) returned: 0
[ssd_index_defs.h:144:INFO] Loading metadata from disk index, sharded: 0 nr: 9 nc: 1
[ssd_index_defs.h:123:INFO] Max npts: 128 Npoints: 128 Entry point: 8 Data dim: 4 Range: 14 Range dense: 16 Range ood: 2
[ssd_index_defs.h:126:INFO] Normal node len (without dense nbrs): 76 Max node len (with dense nbrs): 84 Nnodes per sector: 48 Npts cur shard: 128 Attr size: 0
[ssd_index.h:83:INFO] IO size (normal): 4096 IO size (dense): 4096
[ssd_index.h:89:INFO] Cur location: 144
[ssd_index.h:94:INFO] Automatically set the update-related parameters.
[utils.h:380:INFO] IndexBuildParameters with L: 46 R: 14 C: 384 alpha: 1.2 num_threads: auto beam_width: 8 saturate_graph: 1 max_nthreads: 2
[pq_nbr.h:86:INFO] PQ Pivots offset: 0 PQ Vectors offset: 0
[utils.h:189:INFO] Reading bin file test_pipeann_parity_index_data/pipeann_parity_index_pq_compressed.bin ...
[utils.h:171:INFO] Metadata: #pts = 128, #dims = 2...
[pq_nbr.h:91:INFO] Load compressed vectors from file: test_pipeann_parity_index_data/pipeann_parity_index_pq_compressed.bin offset: 0 num points: 128 n_chunks: 2
[utils.h:154:INFO] Metadata: #pts = 5, #dims = 1...
[utils.h:154:INFO] Metadata: #pts = 256, #dims = 4...
[utils.h:154:INFO] Metadata: #pts = 4, #dims = 1...
[utils.h:171:INFO] Metadata: #pts = 4, #dims = 1...
[utils.h:154:INFO] Metadata: #pts = 3, #dims = 1...
[pq_table.h:125:INFO] Loaded PQ Pivots: #centroids: 256, #dims: 4, #chunks: 2
[utils.h:56:INFO]  Stat(test_pipeann_parity_index_data/pipeann_parity_index_disk.index) returned: 0
[ssd_index.cpp:111:INFO] Init buffers for 2 threads, setup 4 buffers.
[ssd_index.cpp:123:INFO] Setup 1 background I/O threads for insert...
[utils.h:56:INFO]  Stat(test_pipeann_parity_index_data/pipeann_parity_index_partition.bin) returned: 0
[gorgeous_layout_adapter.h:51:INFO] Loaded Gorgeous partition: C=35 pages=128 nd=128
[ssd_index.cpp:215:INFO] Updating nnodes_per_sector from 48 to 35
[ssd_index.cpp:197:INFO] Loading tags from test_pipeann_parity_index_data/pipeann_parity_index_disk.index.tags
[utils.h:56:INFO]  Stat(test_pipeann_parity_index_data/pipeann_parity_index_disk.index.tags) returned: 0
[ssd_index.cpp:289:INFO] Load tags from existing file: test_pipeann_parity_index_data/pipeann_parity_index_disk.index.tags
[utils.h:189:INFO] Reading bin file test_pipeann_parity_index_data/pipeann_parity_index_disk.index.tags ...
[utils.h:171:INFO] Metadata: #pts = 128, #dims = 1...
[ssd_index.cpp:297:INFO] Loaded 128 tags
[ssd_index.cpp:202:INFO] SSDIndex loaded successfully.
[utils.h:380:INFO] IndexBuildParameters with L: auto R: auto C: 384 alpha: 1.2 num_threads: auto beam_width: 8 saturate_graph: 1 max_nthreads: 2
[ssd_index.cpp:71:INFO] Use PQNeighbor as neighbor handler, metric: l2
[utils.h:56:INFO]  Stat(test_pipeann_parity_index_data/pipeann_parity_index_disk.index) returned: 0
[ssd_index_defs.h:144:INFO] Loading metadata from disk index, sharded: 0 nr: 9 nc: 1
[ssd_index_defs.h:123:INFO] Max npts: 128 Npoints: 128 Entry point: 8 Data dim: 4 Range: 14 Range dense: 16 Range ood: 2
[ssd_index_defs.h:126:INFO] Normal node len (without dense nbrs): 76 Max node len (with dense nbrs): 84 Nnodes per sector: 48 Npts cur shard: 128 Attr size: 0
[ssd_index.h:83:INFO] IO size (normal): 4096 IO size (dense): 4096
[ssd_index.h:89:INFO] Cur location: 144
[ssd_index.h:94:INFO] Automatically set the update-related parameters.
[utils.h:380:INFO] IndexBuildParameters with L: 46 R: 14 C: 384 alpha: 1.2 num_threads: auto beam_width: 8 saturate_graph: 1 max_nthreads: 2
[pq_nbr.h:86:INFO] PQ Pivots offset: 0 PQ Vectors offset: 0
[utils.h:189:INFO] Reading bin file test_pipeann_parity_index_data/pipeann_parity_index_pq_compressed.bin ...
[utils.h:171:INFO] Metadata: #pts = 128, #dims = 2...
[pq_nbr.h:91:INFO] Load compressed vectors from file: test_pipeann_parity_index_data/pipeann_parity_index_pq_compressed.bin offset: 0 num points: 128 n_chunks: 2
[utils.h:154:INFO] Metadata: #pts = 5, #dims = 1...
[utils.h:154:INFO] Metadata: #pts = 256, #dims = 4...
[utils.h:154:INFO] Metadata: #pts = 4, #dims = 1...
[utils.h:171:INFO] Metadata: #pts = 4, #dims = 1...
[utils.h:154:INFO] Metadata: #pts = 3, #dims = 1...
[pq_table.h:125:INFO] Loaded PQ Pivots: #centroids: 256, #dims: 4, #chunks: 2
[utils.h:56:INFO]  Stat(test_pipeann_parity_index_data/pipeann_parity_index_disk.index) returned: 0
[ssd_index.cpp:111:INFO] Init buffers for 2 threads, setup 4 buffers.
[ssd_index.cpp:123:INFO] Setup 1 background I/O threads for insert...
[utils.h:56:INFO]  Stat(test_pipeann_parity_index_data/pipeann_parity_index_partition.bin) returned: -1
[utils.h:63:INFO] File test_pipeann_parity_index_data/pipeann_parity_index_partition.bin does not exist
[utils.h:56:INFO]  Stat(test_pipeann_parity_index_data/pipeann_parity_index_partition.bin.aligned) returned: -1
[utils.h:63:INFO] File test_pipeann_parity_index_data/pipeann_parity_index_partition.bin.aligned does not exist
[ssd_index.cpp:263:INFO] test_pipeann_parity_index_data/pipeann_parity_index_partition.bin.aligned does not exist, use equal partition mapping
[ssd_index.cpp:276:INFO] Page layout loaded.
[ssd_index.cpp:197:INFO] Loading tags from test_pipeann_parity_index_data/pipeann_parity_index_disk.index.tags
[utils.h:56:INFO]  Stat(test_pipeann_parity_index_data/pipeann_parity_index_disk.index.tags) returned: 0
[ssd_index.cpp:289:INFO] Load tags from existing file: test_pipeann_parity_index_data/pipeann_parity_index_disk.index.tags
[utils.h:189:INFO] Reading bin file test_pipeann_parity_index_data/pipeann_parity_index_disk.index.tags ...
[utils.h:171:INFO] Metadata: #pts = 128, #dims = 1...
[ssd_index.cpp:297:INFO] Loaded 128 tags
[ssd_index.cpp:202:INFO] SSDIndex loaded successfully.
[ssd_index.cpp:76:INFO] Lock table size: 0
[ssd_index.cpp:77:INFO] Page cache size: 0
[ssd_index.cpp:76:INFO] Lock table size: 0
[ssd_index.cpp:77:INFO] Page cache size: 0
<end of output>
Test time =   0.48 sec
----------------------------------------------------------
Test Passed.
"pipeann_gorgeous_pipeann_parity_index_test" end time: Jun 01 13:45 CST
"pipeann_gorgeous_pipeann_parity_index_test" time elapsed: 00:00:00
----------------------------------------------------------

7/7 Testing: pipeann_gorgeous_pipeann_parity_bench_test
7/7 Test: pipeann_gorgeous_pipeann_parity_bench_test
Command: "/home/adieu/OS/project/build/pipeann_gorgeous_pipeann_parity_bench_test"
Directory: /home/adieu/OS/project/build
"pipeann_gorgeous_pipeann_parity_bench_test" start time: Jun 01 13:45 CST
Output:
----------------------------------------------------------
[utils.h:56:INFO]  Stat(test_pipeann_parity_bench_data/pipeann_parity_bench.bin) returned: 0
[index_build_utils.cpp:358:INFO] Starting Vamana index build: R=24 R_dense=24 L=64 Build RAM budget: 32GB T: 1 bytes per neighbor: 0
[index_build_utils.cpp:284:INFO] Full index fits in RAM, building in one shot
[index.cpp:40:INFO] Getting distance function for metric: l2
[utils.h:56:INFO]  Stat(test_pipeann_parity_bench_data/pipeann_parity_bench.bin) returned: 0
[index.cpp:398:INFO] Building index with normalize_cosine: 0
[utils.h:189:INFO] Reading bin file test_pipeann_parity_bench_data/pipeann_parity_bench.bin ...
[utils.h:171:INFO] Metadata: #pts = 256, #dims = 8...
[index.cpp:422:INFO] Loading only first 256 from file.. 
[utils.h:380:INFO] IndexBuildParameters with L: 64 R: 22 C: 750 alpha: 1.2 num_threads: 1 beam_width: 8 saturate_graph: 1 max_nthreads: 128
0% of index build completed.[index.cpp:362:INFO] Starting final cleanup..
[index.cpp:354:INFO] done. Link time: 0.097891s
[utils.h:189:INFO] Reading bin file test_pipeann_parity_bench_data/pipeann_parity_bench_train.bin ...
[utils.h:171:INFO] Metadata: #pts = 128, #dims = 8...
[index.cpp:1150:INFO] NGFix refine: 128 train queries, R_base=22 R_ood=2 L_ood=1500
[index.cpp:1171:INFO] NGFix refine: processed 0/128
[index.cpp:1174:INFO] NGFix refine done in 1.19246s
[index.cpp:467:INFO] Index built with degree: max:22 avg:22 min:22 count(deg<2):0
[utils.h:56:INFO]  Stat(test_pipeann_parity_bench_data/pipeann_parity_bench_disk.index.tags) returned: -1
[utils.h:63:INFO] File test_pipeann_parity_bench_data/pipeann_parity_bench_disk.index.tags does not exist
[utils.h:264:INFO] Writing bin: test_pipeann_parity_bench_data/pipeann_parity_bench_disk.index.tags
[utils.h:270:INFO] bin: #pts = 256, #dims = 1, size = 1032B
[utils.h:274:INFO] Finished writing bin.
[index.cpp:821:INFO] Memory index tags saved to test_pipeann_parity_bench_data/pipeann_parity_bench_disk.index.tags
[ssd_index.cpp:407:INFO] save_from_mem: wrote test_pipeann_parity_bench_data/pipeann_parity_bench_disk.index
[index_build_utils.cpp:380:INFO] Vamana index built in: 1.31556s.
[index_build_utils.cpp:390:INFO] Indexing time: 1.31559
[utils.h:56:INFO]  Stat(test_pipeann_parity_bench_data/pipeann_parity_bench_disk.index) returned: 0
[ssd_index_defs.h:144:INFO] Loading metadata from disk index, sharded: 0 nr: 9 nc: 1
[utils.h:56:INFO]  Stat(test_pipeann_parity_bench_data/pipeann_parity_bench_disk.index) returned: 0
[ssd_index_defs.h:144:INFO] Loading metadata from disk index, sharded: 0 nr: 9 nc: 1
loading disk index file: test_pipeann_parity_bench_data/pipeann_parity_bench_partition.gorgeous.partition_input.tmp... avg degree: 24
Partition with Graph replica
_nd: 256, _dim: 8, max_node_len:104, C: 39, pn: 7
load index over.
reverse graph done.
scale factor: 39
primary partition: 256; others: 0
init over.
writing bin: test_pipeann_parity_bench_data/pipeann_parity_bench_partition.bin
_partition_num: 256 C: 39 _nd: 256
[utils.h:56:INFO]  Stat(test_pipeann_parity_bench_data/pipeann_parity_bench.bin) returned: 0
[pq_nbr.h:118:INFO] File: test_pipeann_parity_bench_data/pipeann_parity_bench.bin has: 256 points.
[pq_nbr.h:119:INFO] Using 4 PQ chunks.
[pq_nbr.h:129:INFO] Generating PQ pivots with training data of size: 37
[pq_nbr.h:331:INFO] Kmeans time: 0.00187718s.
[utils.h:56:INFO]  Stat(test_pipeann_parity_bench_data/pipeann_parity_bench_pq_pivots.bin) returned: 0
[utils.h:264:INFO] Writing bin: test_pipeann_parity_bench_data/pipeann_parity_bench_pq_pivots.bin
[utils.h:270:INFO] bin: #pts = 256, #dims = 8, size = 8200B
[utils.h:274:INFO] Finished writing bin.
[utils.h:56:INFO]  Stat(test_pipeann_parity_bench_data/pipeann_parity_bench_pq_pivots.bin) returned: 0
[utils.h:264:INFO] Writing bin: test_pipeann_parity_bench_data/pipeann_parity_bench_pq_pivots.bin
[utils.h:270:INFO] bin: #pts = 8, #dims = 1, size = 40B
[utils.h:274:INFO] Finished writing bin.
[utils.h:56:INFO]  Stat(test_pipeann_parity_bench_data/pipeann_parity_bench_pq_pivots.bin) returned: 0
[utils.h:264:INFO] Writing bin: test_pipeann_parity_bench_data/pipeann_parity_bench_pq_pivots.bin
[utils.h:270:INFO] bin: #pts = 8, #dims = 1, size = 40B
[utils.h:274:INFO] Finished writing bin.
[utils.h:56:INFO]  Stat(test_pipeann_parity_bench_data/pipeann_parity_bench_pq_pivots.bin) returned: 0
[utils.h:264:INFO] Writing bin: test_pipeann_parity_bench_data/pipeann_parity_bench_pq_pivots.bin
[utils.h:270:INFO] bin: #pts = 5, #dims = 1, size = 28B
[utils.h:274:INFO] Finished writing bin.
[utils.h:56:INFO]  Stat(test_pipeann_parity_bench_data/pipeann_parity_bench_pq_pivots.bin) returned: 0
[utils.h:264:INFO] Writing bin: test_pipeann_parity_bench_data/pipeann_parity_bench_pq_pivots.bin
[utils.h:270:INFO] bin: #pts = 5, #dims = 1, size = 48B
[utils.h:274:INFO] Finished writing bin.
[pq_nbr.h:351:INFO] Saved pq pivot to test_pipeann_parity_bench_data/pipeann_parity_bench_pq_pivots.bin of size 12404B.
[pq_nbr.h:134:INFO] Pivots generated in 0.00219741s.
[utils.h:154:INFO] Metadata: #pts = 5, #dims = 1...
[utils.h:154:INFO] Metadata: #pts = 256, #dims = 8...
[utils.h:154:INFO] Metadata: #pts = 8, #dims = 1...
[utils.h:171:INFO] Metadata: #pts = 8, #dims = 1...
[utils.h:154:INFO] Metadata: #pts = 5, #dims = 1...
[pq_table.h:125:INFO] Loaded PQ Pivots: #centroids: 256, #dims: 8, #chunks: 4
[pq_nbr.h:140:INFO] Compressed data written in: 0.00349033s.
[utils.h:380:INFO] IndexBuildParameters with L: auto R: auto C: 384 alpha: 1.2 num_threads: auto beam_width: 8 saturate_graph: 1 max_nthreads: 8
[ssd_index.cpp:71:INFO] Use PQNeighbor as neighbor handler, metric: l2
[utils.h:56:INFO]  Stat(test_pipeann_parity_bench_data/pipeann_parity_bench_disk.index) returned: 0
[ssd_index_defs.h:144:INFO] Loading metadata from disk index, sharded: 0 nr: 9 nc: 1
[ssd_index_defs.h:123:INFO] Max npts: 256 Npoints: 256 Entry point: 103 Data dim: 8 Range: 22 Range dense: 24 Range ood: 2
[ssd_index_defs.h:126:INFO] Normal node len (without dense nbrs): 124 Max node len (with dense nbrs): 132 Nnodes per sector: 31 Npts cur shard: 256 Attr size: 0
[ssd_index.h:83:INFO] IO size (normal): 4096 IO size (dense): 4096
[ssd_index.h:89:INFO] Cur location: 279
[ssd_index.h:94:INFO] Automatically set the update-related parameters.
[utils.h:380:INFO] IndexBuildParameters with L: 54 R: 22 C: 384 alpha: 1.2 num_threads: auto beam_width: 8 saturate_graph: 1 max_nthreads: 8
[pq_nbr.h:86:INFO] PQ Pivots offset: 0 PQ Vectors offset: 0
[utils.h:189:INFO] Reading bin file test_pipeann_parity_bench_data/pipeann_parity_bench_pq_compressed.bin ...
[utils.h:171:INFO] Metadata: #pts = 256, #dims = 4...
[pq_nbr.h:91:INFO] Load compressed vectors from file: test_pipeann_parity_bench_data/pipeann_parity_bench_pq_compressed.bin offset: 0 num points: 256 n_chunks: 4
[utils.h:154:INFO] Metadata: #pts = 5, #dims = 1...
[utils.h:154:INFO] Metadata: #pts = 256, #dims = 8...
[utils.h:154:INFO] Metadata: #pts = 8, #dims = 1...
[utils.h:171:INFO] Metadata: #pts = 8, #dims = 1...
[utils.h:154:INFO] Metadata: #pts = 5, #dims = 1...
[pq_table.h:125:INFO] Loaded PQ Pivots: #centroids: 256, #dims: 8, #chunks: 4
[utils.h:56:INFO]  Stat(test_pipeann_parity_bench_data/pipeann_parity_bench_disk.index) returned: 0
[ssd_index.cpp:111:INFO] Init buffers for 8 threads, setup 16 buffers.
[ssd_index.cpp:123:INFO] Setup 1 background I/O threads for insert...
[utils.h:56:INFO]  Stat(test_pipeann_parity_bench_data/pipeann_parity_bench_partition.bin) returned: 0
[gorgeous_layout_adapter.h:51:INFO] Loaded Gorgeous partition: C=33 pages=256 nd=256
[ssd_index.cpp:215:INFO] Updating nnodes_per_sector from 31 to 33
[ssd_index.cpp:197:INFO] Loading tags from test_pipeann_parity_bench_data/pipeann_parity_bench_disk.index.tags
[utils.h:56:INFO]  Stat(test_pipeann_parity_bench_data/pipeann_parity_bench_disk.index.tags) returned: 0
[ssd_index.cpp:289:INFO] Load tags from existing file: test_pipeann_parity_bench_data/pipeann_parity_bench_disk.index.tags
[utils.h:189:INFO] Reading bin file test_pipeann_parity_bench_data/pipeann_parity_bench_disk.index.tags ...
[utils.h:171:INFO] Metadata: #pts = 256, #dims = 1...
[ssd_index.cpp:297:INFO] Loaded 256 tags
[ssd_index.cpp:202:INFO] SSDIndex loaded successfully.
[ssd_index.cpp:76:INFO] Lock table size: 0
[ssd_index.cpp:77:INFO] Page cache size: 0
<end of output>
Test time =   2.14 sec
----------------------------------------------------------
Test Passed.
"pipeann_gorgeous_pipeann_parity_bench_test" end time: Jun 01 13:45 CST
"pipeann_gorgeous_pipeann_parity_bench_test" time elapsed: 00:00:02
----------------------------------------------------------

End testing: Jun 01 13:45 CST
